2020-12-10T18:58:58.060Z|info : amplify status core  
2020-12-10T18:59:36.903Z|info : amplify push core  
2020-12-10T18:59:42.507Z|info : amplify-provider-awscloudformation.zip-util.downloadZip.s3.getFile([{"Key":"[***]rent-[***]ud-[***]d.zip"},null])
2020-12-10T18:59:42.510Z|info : amplify-provider-awscloudformation.aws-s3.s3.getFile([{"Key":"[***]rent-[***]ud-[***]d.zip","Bucket":"[***]ify-[***]zecar-[***]ter-[***]354-[***]ment"}])
2020-12-10T18:59:42.894Z|info : amplify-provider-awscloudformation.initialize-env.run.cfn.updateamplifyMetaFileWithStackOutputs([{"StackName":"[***]ify-[***]zecar-[***]ter-[***]354"}])
2020-12-10T18:59:43.585Z|info : amplify-provider-awscloudformation.aws-s3.s3.getFile([{"Key":"[***]ify-[***]json","Bucket":"[***]ify-[***]zecar-[***]ter-[***]354-[***]ment"}])
2020-12-10T18:59:47.054Z|info : amplify-provider-awscloudformation.push-resources.packageResources.s3.uploadFile([{"Key":"[***]ify-[***]lds/[***]webAPIfunction-[***]4e57784c-[***].zip"}])
2020-12-10T18:59:47.056Z|info : amplify-provider-awscloudformation.aws-s3.uploadFile.s3.putObject([{"Key":"[***]ify-[***]lds/[***]webAPIfunction-[***]4e57784c-[***].zip","Bucket":"[***]ify-[***]zecar-[***]ter-[***]354-[***]ment"}])
2020-12-10T18:59:47.411Z|info : amplify-provider-awscloudformation.aws-s3.uploadFile.s3.putObject([{"Key":"[***]ify-[***]fn-[***]ates/[***]tion/[***]webAPIfunction-[***]mation-[***]e.json","Bucket":"[***]ify-[***]zecar-[***]ter-[***]354-[***]ment"}])
2020-12-10T18:59:49.749Z|info : amplify-provider-awscloudformation.push-resources.updateCloudFormationNestedStack(["/Users/mihailozecar/git-private/mihailozecar/amplify/backend/awscloudformation","/Users/mihailozecar/git-private/mihailozecar/amplify/backend/awscloudformation/nested-cloudformation-stack.yml"])
2020-12-10T18:59:49.753Z|info : amplify-provider-awscloudformation.aws-s3.uploadFile.s3.putObject([{"Key":"[***]ted-[***]mation-[***].yml","Bucket":"[***]ify-[***]zecar-[***]ter-[***]354-[***]ment"}])
2020-12-10T19:00:52.609Z|info : amplify-provider-awscloudformation.push-resources.storeCurrentcoudBackend.s3.uploadFile([{"Key":"[***]rent-[***]ud-[***]d.zip"}])
2020-12-10T19:00:52.610Z|info : amplify-provider-awscloudformation.aws-s3.uploadFile.s3.putObject([{"Key":"[***]rent-[***]ud-[***]d.zip","Bucket":"[***]ify-[***]zecar-[***]ter-[***]354-[***]ment"}])
2020-12-10T19:00:53.199Z|info : amplify-provider-awscloudformation.amplify-service-manager.s3.uploadFile([{"Key":"[***]ify-[***]json"}])
2020-12-10T19:00:53.199Z|info : amplify-provider-awscloudformation.aws-s3.uploadFile.s3.putObject([{"Key":"[***]ify-[***]json","Bucket":"[***]ify-[***]zecar-[***]ter-[***]354-[***]ment"}])
2020-12-10T19:00:53.592Z|info : amplify-provider-awscloudformation.amplify-service-manager.s3.uploadFile([{"Key":"[***]end-[***].json"}])
2020-12-10T19:00:53.592Z|info : amplify-provider-awscloudformation.aws-s3.uploadFile.s3.putObject([{"Key":"[***]end-[***].json","Bucket":"[***]ify-[***]zecar-[***]ter-[***]354-[***]ment"}])
2020-12-10T19:16:39.394Z|info : amplify push core  
2020-12-10T19:16:45.031Z|info : amplify-provider-awscloudformation.zip-util.downloadZip.s3.getFile([{"Key":"[***]rent-[***]ud-[***]d.zip"},null])
2020-12-10T19:16:45.033Z|info : amplify-provider-awscloudformation.aws-s3.s3.getFile([{"Key":"[***]rent-[***]ud-[***]d.zip","Bucket":"[***]ify-[***]zecar-[***]ter-[***]354-[***]ment"}])
2020-12-10T19:16:45.455Z|info : amplify-provider-awscloudformation.initialize-env.run.cfn.updateamplifyMetaFileWithStackOutputs([{"StackName":"[***]ify-[***]zecar-[***]ter-[***]354"}])
2020-12-10T19:16:46.136Z|info : amplify-provider-awscloudformation.aws-s3.s3.getFile([{"Key":"[***]ify-[***]json","Bucket":"[***]ify-[***]zecar-[***]ter-[***]354-[***]ment"}])
2020-12-10T19:16:50.374Z|info : amplify-provider-awscloudformation.push-resources.packageResources.s3.uploadFile([{"Key":"[***]ify-[***]lds/[***]webAPIfunction-[***]70765465-[***].zip"}])
2020-12-10T19:16:51.737Z|info : amplify-provider-awscloudformation.aws-s3.uploadFile.s3.putObject([{"Key":"[***]ify-[***]lds/[***]webAPIfunction-[***]70765465-[***].zip","Bucket":"[***]ify-[***]zecar-[***]ter-[***]354-[***]ment"}])
2020-12-10T19:16:52.101Z|info : amplify-provider-awscloudformation.aws-s3.uploadFile.s3.putObject([{"Key":"[***]ify-[***]fn-[***]ates/[***]tion/[***]webAPIfunction-[***]mation-[***]e.json","Bucket":"[***]ify-[***]zecar-[***]ter-[***]354-[***]ment"}])
2020-12-10T19:16:53.011Z|info : amplify-provider-awscloudformation.push-resources.updateCloudFormationNestedStack(["/Users/mihailozecar/git-private/mihailozecar/amplify/backend/awscloudformation","/Users/mihailozecar/git-private/mihailozecar/amplify/backend/awscloudformation/nested-cloudformation-stack.yml"])
2020-12-10T19:16:53.015Z|info : amplify-provider-awscloudformation.aws-s3.uploadFile.s3.putObject([{"Key":"[***]ted-[***]mation-[***].yml","Bucket":"[***]ify-[***]zecar-[***]ter-[***]354-[***]ment"}])
2020-12-10T19:17:56.322Z|info : amplify-provider-awscloudformation.push-resources.storeCurrentcoudBackend.s3.uploadFile([{"Key":"[***]rent-[***]ud-[***]d.zip"}])
2020-12-10T19:17:56.323Z|info : amplify-provider-awscloudformation.aws-s3.uploadFile.s3.putObject([{"Key":"[***]rent-[***]ud-[***]d.zip","Bucket":"[***]ify-[***]zecar-[***]ter-[***]354-[***]ment"}])
2020-12-10T19:17:56.859Z|info : amplify-provider-awscloudformation.amplify-service-manager.s3.uploadFile([{"Key":"[***]ify-[***]json"}])
2020-12-10T19:17:56.860Z|info : amplify-provider-awscloudformation.aws-s3.uploadFile.s3.putObject([{"Key":"[***]ify-[***]json","Bucket":"[***]ify-[***]zecar-[***]ter-[***]354-[***]ment"}])
2020-12-10T19:17:57.473Z|info : amplify-provider-awscloudformation.amplify-service-manager.s3.uploadFile([{"Key":"[***]end-[***].json"}])
2020-12-10T19:17:57.474Z|info : amplify-provider-awscloudformation.aws-s3.uploadFile.s3.putObject([{"Key":"[***]end-[***].json","Bucket":"[***]ify-[***]zecar-[***]ter-[***]354-[***]ment"}])
